<?xml version="1.0" encoding="utf-8"?><testsuites name="pytest tests"><testsuite name="pytest" errors="0" failures="0" skipped="0" tests="11" time="3.626" timestamp="2026-08-05T22:43:24.445596+00:00" hostname="agent-env-212a3563-4562-42cf-9d6b-438abd7b1207"><testcase classname="tests.test_features.TestObjectStorage" name="test_upload_requires_auth" time="0.232" /><testcase classname="tests.test_features.TestSponsors" name="test_public_sponsors_seeded" time="0.284" /><testcase classname="tests.test_features.TestSponsors" name="test_admin_sponsors_requires_auth" time="0.264" /><testcase classname="tests.test_features.TestObjectStorage" name="test_upload_rejects_bad_content_type" time="0.637" /><testcase classname="tests.test_features.TestSponsors" name="test_admin_sponsors_crud" time="1.911" /><testcase classname="tests.test_features.TestObjectStorage" name="test_upload_and_fetch" time="0.750" /><testcase classname="tests.test_features.TestStripe" name="test_checkout_creates_session" time="0.790" /><testcase classname="tests.test_features.TestStripe" name="test_checkout_status" time="0.430" /><testcase classname="tests.test_features.TestRegression" name="test_public_pledge_donation_still_works" time="0.381" /><testcase classname="tests.test_features.TestStripe" name="test_status_fake_id_returns_404" time="0.084" /><testcase classname="tests.test_features.TestRegression" name="test_home_public_endpoints" time="0.292" /></testsuite></testsuites>