<?xml version="1.0" encoding="utf-8"?><testsuites name="pytest tests"><testsuite name="pytest" errors="0" failures="0" skipped="0" tests="10" time="1.981" timestamp="2026-08-21T14:28:53.518350+00:00" hostname="agent-env-212a3563-4562-42cf-9d6b-438abd7b1207"><testcase classname="tests.test_registration_fix.TestSocials" name="test_settings_socials" time="0.362" /><testcase classname="tests.test_registration_fix.TestAthleteRegistration" name="test_adult_nulls_ok" time="0.299" /><testcase classname="tests.test_registration_fix.TestAthleteRegistration" name="test_adult_empty_string_guardian_email" time="0.157" /><testcase classname="tests.test_registration_fix.TestAthleteRegistration" name="test_minor_empty_string_email" time="0.069" /><testcase classname="tests.test_registration_fix.TestAthleteRegistration" name="test_minor_ok" time="0.099" /><testcase classname="tests.test_registration_fix.TestAthleteRegistration" name="test_consent_false_400" time="0.093" /><testcase classname="tests.test_registration_fix.TestAthleteRegistration" name="test_adult_without_email_400" time="0.162" /><testcase classname="tests.test_registration_fix.TestAthleteRegistration" name="test_minor_without_guardian_400" time="0.033" /><testcase classname="tests.test_registration_fix.TestAthleteRegistration" name="test_invalid_email_still_rejected" time="0.074" /><testcase classname="tests.test_registration_fix.TestAthleteRegistration" name="test_persistence_via_admin" time="0.408" /></testsuite></testsuites>